<?xml version="1.0" encoding="UTF-8"?>
<testng-results skipped="0" failed="1" total="3" passed="2">
  <reporter-output>
  </reporter-output>
  <suite name="Suite" duration-ms="16392" started-at="2018-07-25T06:31:58Z" finished-at="2018-07-25T06:32:15Z">
    <groups>
    </groups>
    <test name="Test" duration-ms="887" started-at="2018-07-25T06:31:58Z" finished-at="2018-07-25T06:31:59Z">
      <class name="pom.tests.LoginTest">
        <test-method status="FAIL" signature="LoginInValid()[pri:0, instance:pom.tests.LoginTest@cc285f4]" name="LoginInValid" duration-ms="35" started-at="2018-07-25T12:01:59Z" finished-at="2018-07-25T12:01:59Z">
          <exception class="junit.framework.ComparisonFailure">
            <message>
              <![CDATA[expected:<Tested[123]> but was:<Tested[]>]]>
            </message>
            <full-stacktrace>
              <![CDATA[junit.framework.ComparisonFailure: expected:<Tested[123]> but was:<Tested[]>
	at junit.framework.Assert.assertEquals(Assert.java:85)
	at junit.framework.Assert.assertEquals(Assert.java:91)
	at pom.tests.LoginTest.LoginInValid(LoginTest.java:20)
	at sun.reflect.NativeMethodAccessorImpl.invoke0(Native Method)
	at sun.reflect.NativeMethodAccessorImpl.invoke(NativeMethodAccessorImpl.java:62)
	at sun.reflect.DelegatingMethodAccessorImpl.invoke(DelegatingMethodAccessorImpl.java:43)
	at java.lang.reflect.Method.invoke(Method.java:498)
	at org.testng.internal.MethodInvocationHelper.invokeMethod(MethodInvocationHelper.java:80)
	at org.testng.internal.Invoker.invokeMethod(Invoker.java:714)
	at org.testng.internal.Invoker.invokeTestMethod(Invoker.java:901)
	at org.testng.internal.Invoker.invokeTestMethods(Invoker.java:1231)
	at org.testng.internal.TestMethodWorker.invokeTestMethods(TestMethodWorker.java:127)
	at org.testng.internal.TestMethodWorker.run(TestMethodWorker.java:111)
	at org.testng.TestRunner.privateRun(TestRunner.java:767)
	at org.testng.TestRunner.run(TestRunner.java:617)
	at org.testng.SuiteRunner.runTest(SuiteRunner.java:334)
	at org.testng.SuiteRunner.runSequentially(SuiteRunner.java:329)
	at org.testng.SuiteRunner.privateRun(SuiteRunner.java:291)
	at org.testng.SuiteRunner.run(SuiteRunner.java:240)
	at org.testng.SuiteRunnerWorker.runSuite(SuiteRunnerWorker.java:52)
	at org.testng.SuiteRunnerWorker.run(SuiteRunnerWorker.java:86)
	at org.testng.TestNG.runSuitesSequentially(TestNG.java:1198)
	at org.testng.TestNG.runSuitesLocally(TestNG.java:1123)
	at org.testng.TestNG.run(TestNG.java:1031)
	at org.testng.remote.AbstractRemoteTestNG.run(AbstractRemoteTestNG.java:114)
	at org.testng.remote.RemoteTestNG.initAndRun(RemoteTestNG.java:251)
	at org.testng.remote.RemoteTestNG.main(RemoteTestNG.java:77)
]]>
            </full-stacktrace>
          </exception> <!-- junit.framework.ComparisonFailure -->
          <reporter-output>
          </reporter-output>
        </test-method> <!-- LoginInValid -->
        <test-method status="PASS" signature="LoginValid()[pri:0, instance:pom.tests.LoginTest@cc285f4]" name="LoginValid" duration-ms="4" started-at="2018-07-25T12:01:59Z" finished-at="2018-07-25T12:01:59Z">
          <reporter-output>
          </reporter-output>
        </test-method> <!-- LoginValid -->
      </class> <!-- pom.tests.LoginTest -->
    </test> <!-- Test -->
    <test name="Test2" duration-ms="14754" started-at="2018-07-25T06:32:00Z" finished-at="2018-07-25T06:32:15Z">
      <class name="pom.tests.RegistrationTest">
        <test-method status="PASS" signature="beforeTest()[pri:0, instance:pom.tests.RegistrationTest@754ba872]" name="beforeTest" is-config="true" duration-ms="10152" started-at="2018-07-25T12:02:00Z" finished-at="2018-07-25T12:02:10Z">
          <reporter-output>
          </reporter-output>
        </test-method> <!-- beforeTest -->
        <test-method status="PASS" signature="Registrationtest()[pri:0, instance:pom.tests.RegistrationTest@754ba872]" name="Registrationtest" duration-ms="4586" started-at="2018-07-25T12:02:10Z" finished-at="2018-07-25T12:02:15Z">
          <reporter-output>
          </reporter-output>
        </test-method> <!-- Registrationtest -->
        <test-method status="PASS" signature="afterTest()[pri:0, instance:pom.tests.RegistrationTest@754ba872]" name="afterTest" is-config="true" duration-ms="0" started-at="2018-07-25T12:02:15Z" finished-at="2018-07-25T12:02:15Z">
          <reporter-output>
          </reporter-output>
        </test-method> <!-- afterTest -->
      </class> <!-- pom.tests.RegistrationTest -->
    </test> <!-- Test2 -->
  </suite> <!-- Suite -->
</testng-results>
