<?xml version="1.0" encoding="UTF-8"?>
<!-- Generated by org.testng.reporters.JUnitXMLReporter -->
<testsuite hostname="P4A-508SD63" name="Test" tests="2" failures="1" timestamp="25 Jul 2018 06:31:59 GMT" time="0.887" errors="0">
  <testcase name="LoginInValid" time="0.035" classname="pom.tests.LoginTest">
    <failure type="junit.framework.ComparisonFailure" message="expected:&amp;lt;Tested[123]&amp;gt; but was:&amp;lt;Tested[]&amp;gt;">
      <![CDATA[junit.framework.ComparisonFailure: expected:<Tested[123]> but was:<Tested[]>
	at junit.framework.Assert.assertEquals(Assert.java:85)
	at junit.framework.Assert.assertEquals(Assert.java:91)
	at pom.tests.LoginTest.LoginInValid(LoginTest.java:20)
... Removed 24 stack frames]]>
    </failure>
  </testcase> <!-- LoginInValid -->
  <testcase name="LoginValid" time="0.004" classname="pom.tests.LoginTest"/>
</testsuite> <!-- Test -->
